<?xml version="1.0" encoding="UTF-8"?>
<testsuite xmlns:xsi="http://www.w3.org/2001/XMLSchema-instance" xsi:noNamespaceSchemaLocation="https://maven.apache.org/surefire/maven-surefire-plugin/xsd/surefire-test-report-3.0.xsd" version="3.0" name="dh.backend.clinicamvc.service.test.PacienteServiceTest" time="0.12" tests="3" errors="0" skipped="0" failures="0">
  <properties>
    <property name="java.specification.version" value="21"/>
    <property name="sun.cpu.isalist" value="amd64"/>
    <property name="sun.jnu.encoding" value="Cp1252"/>
    <property name="java.class.path" value="C:\Cursos\DH-Backend-I\Ejericicios\Clase-21-MySQL\Clinica-MVC\target\test-classes;C:\Cursos\DH-Backend-I\Ejericicios\Clase-21-MySQL\Clinica-MVC\target\classes;C:\Users\rgarc\.m2\repository\org\springframework\boot\spring-boot-starter-thymeleaf\3.2.7-SNAPSHOT\spring-boot-starter-thymeleaf-3.2.7-SNAPSHOT.jar;C:\Users\rgarc\.m2\repository\org\springframework\boot\spring-boot-starter\3.2.7-SNAPSHOT\spring-boot-starter-3.2.7-SNAPSHOT.jar;C:\Users\rgarc\.m2\repository\org\springframework\boot\spring-boot\3.2.7-SNAPSHOT\spring-boot-3.2.7-SNAPSHOT.jar;C:\Users\rgarc\.m2\repository\org\springframework\boot\spring-boot-autoconfigure\3.2.7-SNAPSHOT\spring-boot-autoconfigure-3.2.7-SNAPSHOT.jar;C:\Users\rgarc\.m2\repository\jakarta\annotation\jakarta.annotation-api\2.1.1\jakarta.annotation-api-2.1.1.jar;C:\Users\rgarc\.m2\repository\org\yaml\snakeyaml\2.2\snakeyaml-2.2.jar;C:\Users\rgarc\.m2\repository\org\thymeleaf\thymeleaf-spring6\3.1.2.RELEASE\thymeleaf-spring6-3.1.2.RELEASE.jar;C:\Users\rgarc\.m2\repository\org\thymeleaf\thymeleaf\3.1.2.RELEASE\thymeleaf-3.1.2.RELEASE.jar;C:\Users\rgarc\.m2\repository\org\attoparser\attoparser\2.0.7.RELEASE\attoparser-2.0.7.RELEASE.jar;C:\Users\rgarc\.m2\repository\org\unbescape\unbescape\1.1.6.RELEASE\unbescape-1.1.6.RELEASE.jar;C:\Users\rgarc\.m2\repository\org\springframework\boot\spring-boot-starter-web\3.2.7-SNAPSHOT\spring-boot-starter-web-3.2.7-SNAPSHOT.jar;C:\Users\rgarc\.m2\repository\org\springframework\boot\spring-boot-starter-json\3.2.7-SNAPSHOT\spring-boot-starter-json-3.2.7-SNAPSHOT.jar;C:\Users\rgarc\.m2\repository\com\fasterxml\jackson\datatype\jackson-datatype-jdk8\2.15.4\jackson-datatype-jdk8-2.15.4.jar;C:\Users\rgarc\.m2\repository\com\fasterxml\jackson\datatype\jackson-datatype-jsr310\2.15.4\jackson-datatype-jsr310-2.15.4.jar;C:\Users\rgarc\.m2\repository\com\fasterxml\jackson\module\jackson-module-parameter-names\2.15.4\jackson-module-parameter-names-2.15.4.jar;C:\Users\rgarc\.m2\repository\org\springframework\boot\spring-boot-starter-tomcat\3.2.7-SNAPSHOT\spring-boot-starter-tomcat-3.2.7-SNAPSHOT.jar;C:\Users\rgarc\.m2\repository\org\apache\tomcat\embed\tomcat-embed-core\10.1.25\tomcat-embed-core-10.1.25.jar;C:\Users\rgarc\.m2\repository\org\apache\tomcat\embed\tomcat-embed-el\10.1.25\tomcat-embed-el-10.1.25.jar;C:\Users\rgarc\.m2\repository\org\apache\tomcat\embed\tomcat-embed-websocket\10.1.25\tomcat-embed-websocket-10.1.25.jar;C:\Users\rgarc\.m2\repository\org\springframework\spring-web\6.1.10\spring-web-6.1.10.jar;C:\Users\rgarc\.m2\repository\org\springframework\spring-beans\6.1.10\spring-beans-6.1.10.jar;C:\Users\rgarc\.m2\repository\io\micrometer\micrometer-observation\1.12.7\micrometer-observation-1.12.7.jar;C:\Users\rgarc\.m2\repository\io\micrometer\micrometer-commons\1.12.7\micrometer-commons-1.12.7.jar;C:\Users\rgarc\.m2\repository\org\springframework\spring-webmvc\6.1.10\spring-webmvc-6.1.10.jar;C:\Users\rgarc\.m2\repository\org\springframework\spring-context\6.1.10\spring-context-6.1.10.jar;C:\Users\rgarc\.m2\repository\org\springframework\spring-expression\6.1.10\spring-expression-6.1.10.jar;C:\Users\rgarc\.m2\repository\com\h2database\h2\2.2.224\h2-2.2.224.jar;C:\Users\rgarc\.m2\repository\org\springframework\boot\spring-boot-starter-test\3.2.7-SNAPSHOT\spring-boot-starter-test-3.2.7-SNAPSHOT.jar;C:\Users\rgarc\.m2\repository\org\springframework\boot\spring-boot-test\3.2.7-SNAPSHOT\spring-boot-test-3.2.7-SNAPSHOT.jar;C:\Users\rgarc\.m2\repository\org\springframework\boot\spring-boot-test-autoconfigure\3.2.7-SNAPSHOT\spring-boot-test-autoconfigure-3.2.7-SNAPSHOT.jar;C:\Users\rgarc\.m2\repository\com\jayway\jsonpath\json-path\2.9.0\json-path-2.9.0.jar;C:\Users\rgarc\.m2\repository\jakarta\xml\bind\jakarta.xml.bind-api\4.0.2\jakarta.xml.bind-api-4.0.2.jar;C:\Users\rgarc\.m2\repository\jakarta\activation\jakarta.activation-api\2.1.3\jakarta.activation-api-2.1.3.jar;C:\Users\rgarc\.m2\repository\net\minidev\json-smart\2.5.1\json-smart-2.5.1.jar;C:\Users\rgarc\.m2\repository\net\minidev\accessors-smart\2.5.1\accessors-smart-2.5.1.jar;C:\Users\rgarc\.m2\repository\org\ow2\asm\asm\9.6\asm-9.6.jar;C:\Users\rgarc\.m2\repository\org\assertj\assertj-core\3.24.2\assertj-core-3.24.2.jar;C:\Users\rgarc\.m2\repository\net\bytebuddy\byte-buddy\1.14.17\byte-buddy-1.14.17.jar;C:\Users\rgarc\.m2\repository\org\awaitility\awaitility\4.2.1\awaitility-4.2.1.jar;C:\Users\rgarc\.m2\repository\org\hamcrest\hamcrest\2.2\hamcrest-2.2.jar;C:\Users\rgarc\.m2\repository\org\junit\jupiter\junit-jupiter\5.10.2\junit-jupiter-5.10.2.jar;C:\Users\rgarc\.m2\repository\org\junit\jupiter\junit-jupiter-api\5.10.2\junit-jupiter-api-5.10.2.jar;C:\Users\rgarc\.m2\repository\org\opentest4j\opentest4j\1.3.0\opentest4j-1.3.0.jar;C:\Users\rgarc\.m2\repository\org\junit\platform\junit-platform-commons\1.10.2\junit-platform-commons-1.10.2.jar;C:\Users\rgarc\.m2\repository\org\apiguardian\apiguardian-api\1.1.2\apiguardian-api-1.1.2.jar;C:\Users\rgarc\.m2\repository\org\junit\jupiter\junit-jupiter-params\5.10.2\junit-jupiter-params-5.10.2.jar;C:\Users\rgarc\.m2\repository\org\junit\jupiter\junit-jupiter-engine\5.10.2\junit-jupiter-engine-5.10.2.jar;C:\Users\rgarc\.m2\repository\org\junit\platform\junit-platform-engine\1.10.2\junit-platform-engine-1.10.2.jar;C:\Users\rgarc\.m2\repository\org\mockito\mockito-core\5.7.0\mockito-core-5.7.0.jar;C:\Users\rgarc\.m2\repository\net\bytebuddy\byte-buddy-agent\1.14.17\byte-buddy-agent-1.14.17.jar;C:\Users\rgarc\.m2\repository\org\objenesis\objenesis\3.3\objenesis-3.3.jar;C:\Users\rgarc\.m2\repository\org\mockito\mockito-junit-jupiter\5.7.0\mockito-junit-jupiter-5.7.0.jar;C:\Users\rgarc\.m2\repository\org\skyscreamer\jsonassert\1.5.1\jsonassert-1.5.1.jar;C:\Users\rgarc\.m2\repository\com\vaadin\external\google\android-json\0.0.20131108.vaadin1\android-json-0.0.20131108.vaadin1.jar;C:\Users\rgarc\.m2\repository\org\springframework\spring-core\6.1.10\spring-core-6.1.10.jar;C:\Users\rgarc\.m2\repository\org\springframework\spring-jcl\6.1.10\spring-jcl-6.1.10.jar;C:\Users\rgarc\.m2\repository\org\springframework\spring-test\6.1.10\spring-test-6.1.10.jar;C:\Users\rgarc\.m2\repository\org\xmlunit\xmlunit-core\2.9.1\xmlunit-core-2.9.1.jar;C:\Users\rgarc\.m2\repository\org\springframework\boot\spring-boot-starter-logging\3.2.7-SNAPSHOT\spring-boot-starter-logging-3.2.7-SNAPSHOT.jar;C:\Users\rgarc\.m2\repository\org\apache\logging\log4j\log4j-to-slf4j\2.21.1\log4j-to-slf4j-2.21.1.jar;C:\Users\rgarc\.m2\repository\org\apache\logging\log4j\log4j-api\2.21.1\log4j-api-2.21.1.jar;C:\Users\rgarc\.m2\repository\org\slf4j\jul-to-slf4j\2.0.13\jul-to-slf4j-2.0.13.jar;C:\Users\rgarc\.m2\repository\ch\qos\logback\logback-classic\1.4.14\logback-classic-1.4.14.jar;C:\Users\rgarc\.m2\repository\ch\qos\logback\logback-core\1.4.14\logback-core-1.4.14.jar;C:\Users\rgarc\.m2\repository\org\slf4j\slf4j-api\2.0.13\slf4j-api-2.0.13.jar;C:\Users\rgarc\.m2\repository\org\projectlombok\lombok\1.18.32\lombok-1.18.32.jar;C:\Users\rgarc\.m2\repository\org\modelmapper\modelmapper\3.2.0\modelmapper-3.2.0.jar;C:\Users\rgarc\.m2\repository\org\springframework\boot\spring-boot-starter-data-jpa\3.2.7-SNAPSHOT\spring-boot-starter-data-jpa-3.2.7-SNAPSHOT.jar;C:\Users\rgarc\.m2\repository\org\springframework\boot\spring-boot-starter-aop\3.2.7-SNAPSHOT\spring-boot-starter-aop-3.2.7-SNAPSHOT.jar;C:\Users\rgarc\.m2\repository\org\aspectj\aspectjweaver\1.9.22\aspectjweaver-1.9.22.jar;C:\Users\rgarc\.m2\repository\org\springframework\boot\spring-boot-starter-jdbc\3.2.7-SNAPSHOT\spring-boot-starter-jdbc-3.2.7-SNAPSHOT.jar;C:\Users\rgarc\.m2\repository\com\zaxxer\HikariCP\5.0.1\HikariCP-5.0.1.jar;C:\Users\rgarc\.m2\repository\org\springframework\spring-jdbc\6.1.10\spring-jdbc-6.1.10.jar;C:\Users\rgarc\.m2\repository\org\hibernate\orm\hibernate-core\6.4.9.Final\hibernate-core-6.4.9.Final.jar;C:\Users\rgarc\.m2\repository\jakarta\persistence\jakarta.persistence-api\3.1.0\jakarta.persistence-api-3.1.0.jar;C:\Users\rgarc\.m2\repository\jakarta\transaction\jakarta.transaction-api\2.0.1\jakarta.transaction-api-2.0.1.jar;C:\Users\rgarc\.m2\repository\org\jboss\logging\jboss-logging\3.5.3.Final\jboss-logging-3.5.3.Final.jar;C:\Users\rgarc\.m2\repository\org\hibernate\common\hibernate-commons-annotations\6.0.6.Final\hibernate-commons-annotations-6.0.6.Final.jar;C:\Users\rgarc\.m2\repository\io\smallrye\jandex\3.1.2\jandex-3.1.2.jar;C:\Users\rgarc\.m2\repository\com\fasterxml\classmate\1.6.0\classmate-1.6.0.jar;C:\Users\rgarc\.m2\repository\org\glassfish\jaxb\jaxb-runtime\4.0.5\jaxb-runtime-4.0.5.jar;C:\Users\rgarc\.m2\repository\org\glassfish\jaxb\jaxb-core\4.0.5\jaxb-core-4.0.5.jar;C:\Users\rgarc\.m2\repository\org\eclipse\angus\angus-activation\2.0.2\angus-activation-2.0.2.jar;C:\Users\rgarc\.m2\repository\org\glassfish\jaxb\txw2\4.0.5\txw2-4.0.5.jar;C:\Users\rgarc\.m2\repository\com\sun\istack\istack-commons-runtime\4.1.2\istack-commons-runtime-4.1.2.jar;C:\Users\rgarc\.m2\repository\jakarta\inject\jakarta.inject-api\2.0.1\jakarta.inject-api-2.0.1.jar;C:\Users\rgarc\.m2\repository\org\antlr\antlr4-runtime\4.13.0\antlr4-runtime-4.13.0.jar;C:\Users\rgarc\.m2\repository\org\springframework\data\spring-data-jpa\3.2.7\spring-data-jpa-3.2.7.jar;C:\Users\rgarc\.m2\repository\org\springframework\data\spring-data-commons\3.2.7\spring-data-commons-3.2.7.jar;C:\Users\rgarc\.m2\repository\org\springframework\spring-orm\6.1.10\spring-orm-6.1.10.jar;C:\Users\rgarc\.m2\repository\org\springframework\spring-tx\6.1.10\spring-tx-6.1.10.jar;C:\Users\rgarc\.m2\repository\org\springframework\spring-aspects\6.1.10\spring-aspects-6.1.10.jar;C:\Users\rgarc\.m2\repository\com\mysql\mysql-connector-j\8.3.0\mysql-connector-j-8.3.0.jar;C:\Users\rgarc\.m2\repository\org\springframework\boot\spring-boot-starter-security\3.2.7-SNAPSHOT\spring-boot-starter-security-3.2.7-SNAPSHOT.jar;C:\Users\rgarc\.m2\repository\org\springframework\spring-aop\6.1.10\spring-aop-6.1.10.jar;C:\Users\rgarc\.m2\repository\org\springframework\security\spring-security-config\6.2.5\spring-security-config-6.2.5.jar;C:\Users\rgarc\.m2\repository\org\springframework\security\spring-security-web\6.2.5\spring-security-web-6.2.5.jar;C:\Users\rgarc\.m2\repository\org\springframework\security\spring-security-test\6.2.5\spring-security-test-6.2.5.jar;C:\Users\rgarc\.m2\repository\org\springframework\security\spring-security-core\6.2.5\spring-security-core-6.2.5.jar;C:\Users\rgarc\.m2\repository\org\springframework\security\spring-security-crypto\6.2.5\spring-security-crypto-6.2.5.jar;C:\Users\rgarc\.m2\repository\io\jsonwebtoken\jjwt-api\0.11.5\jjwt-api-0.11.5.jar;C:\Users\rgarc\.m2\repository\io\jsonwebtoken\jjwt-impl\0.11.5\jjwt-impl-0.11.5.jar;C:\Users\rgarc\.m2\repository\io\jsonwebtoken\jjwt-jackson\0.11.5\jjwt-jackson-0.11.5.jar;C:\Users\rgarc\.m2\repository\com\fasterxml\jackson\core\jackson-databind\2.15.4\jackson-databind-2.15.4.jar;C:\Users\rgarc\.m2\repository\com\fasterxml\jackson\core\jackson-annotations\2.15.4\jackson-annotations-2.15.4.jar;C:\Users\rgarc\.m2\repository\com\fasterxml\jackson\core\jackson-core\2.15.4\jackson-core-2.15.4.jar;C:\Users\rgarc\.m2\repository\org\springdoc\springdoc-openapi-starter-webmvc-ui\2.0.3\springdoc-openapi-starter-webmvc-ui-2.0.3.jar;C:\Users\rgarc\.m2\repository\org\springdoc\springdoc-openapi-starter-webmvc-api\2.0.3\springdoc-openapi-starter-webmvc-api-2.0.3.jar;C:\Users\rgarc\.m2\repository\org\springdoc\springdoc-openapi-starter-common\2.0.3\springdoc-openapi-starter-common-2.0.3.jar;C:\Users\rgarc\.m2\repository\io\swagger\core\v3\swagger-core-jakarta\2.2.8\swagger-core-jakarta-2.2.8.jar;C:\Users\rgarc\.m2\repository\org\apache\commons\commons-lang3\3.13.0\commons-lang3-3.13.0.jar;C:\Users\rgarc\.m2\repository\io\swagger\core\v3\swagger-annotations-jakarta\2.2.8\swagger-annotations-jakarta-2.2.8.jar;C:\Users\rgarc\.m2\repository\io\swagger\core\v3\swagger-models-jakarta\2.2.8\swagger-models-jakarta-2.2.8.jar;C:\Users\rgarc\.m2\repository\jakarta\validation\jakarta.validation-api\3.0.2\jakarta.validation-api-3.0.2.jar;C:\Users\rgarc\.m2\repository\com\fasterxml\jackson\dataformat\jackson-dataformat-yaml\2.15.4\jackson-dataformat-yaml-2.15.4.jar;C:\Users\rgarc\.m2\repository\org\webjars\swagger-ui\4.17.1\swagger-ui-4.17.1.jar;C:\Users\rgarc\.m2\repository\org\webjars\webjars-locator-core\0.55\webjars-locator-core-0.55.jar;C:\Users\rgarc\.m2\repository\io\github\classgraph\classgraph\4.8.149\classgraph-4.8.149.jar;"/>
    <property name="java.vm.vendor" value="Oracle Corporation"/>
    <property name="sun.arch.data.model" value="64"/>
    <property name="user.variant" value=""/>
    <property name="java.vendor.url" value="https://java.oracle.com/"/>
    <property name="user.timezone" value="America/Mexico_City"/>
    <property name="org.jboss.logging.provider" value="slf4j"/>
    <property name="os.name" value="Windows 10"/>
    <property name="java.vm.specification.version" value="21"/>
    <property name="sun.java.launcher" value="SUN_STANDARD"/>
    <property name="user.country" value="MX"/>
    <property name="sun.boot.library.path" value="C:\Program Files\Java\openjdk-21\bin"/>
    <property name="sun.java.command" value="C:\Users\rgarc\AppData\Local\Temp\surefire8090639210601530595\surefirebooter-20241105021500907_3.jar C:\Users\rgarc\AppData\Local\Temp\surefire8090639210601530595 2024-11-05T02-15-00_712-jvmRun1 surefire-20241105021500907_1tmp surefire_0-20241105021500907_2tmp"/>
    <property name="jdk.debug" value="release"/>
    <property name="surefire.test.class.path" value="C:\Cursos\DH-Backend-I\Ejericicios\Clase-21-MySQL\Clinica-MVC\target\test-classes;C:\Cursos\DH-Backend-I\Ejericicios\Clase-21-MySQL\Clinica-MVC\target\classes;C:\Users\rgarc\.m2\repository\org\springframework\boot\spring-boot-starter-thymeleaf\3.2.7-SNAPSHOT\spring-boot-starter-thymeleaf-3.2.7-SNAPSHOT.jar;C:\Users\rgarc\.m2\repository\org\springframework\boot\spring-boot-starter\3.2.7-SNAPSHOT\spring-boot-starter-3.2.7-SNAPSHOT.jar;C:\Users\rgarc\.m2\repository\org\springframework\boot\spring-boot\3.2.7-SNAPSHOT\spring-boot-3.2.7-SNAPSHOT.jar;C:\Users\rgarc\.m2\repository\org\springframework\boot\spring-boot-autoconfigure\3.2.7-SNAPSHOT\spring-boot-autoconfigure-3.2.7-SNAPSHOT.jar;C:\Users\rgarc\.m2\repository\jakarta\annotation\jakarta.annotation-api\2.1.1\jakarta.annotation-api-2.1.1.jar;C:\Users\rgarc\.m2\repository\org\yaml\snakeyaml\2.2\snakeyaml-2.2.jar;C:\Users\rgarc\.m2\repository\org\thymeleaf\thymeleaf-spring6\3.1.2.RELEASE\thymeleaf-spring6-3.1.2.RELEASE.jar;C:\Users\rgarc\.m2\repository\org\thymeleaf\thymeleaf\3.1.2.RELEASE\thymeleaf-3.1.2.RELEASE.jar;C:\Users\rgarc\.m2\repository\org\attoparser\attoparser\2.0.7.RELEASE\attoparser-2.0.7.RELEASE.jar;C:\Users\rgarc\.m2\repository\org\unbescape\unbescape\1.1.6.RELEASE\unbescape-1.1.6.RELEASE.jar;C:\Users\rgarc\.m2\repository\org\springframework\boot\spring-boot-starter-web\3.2.7-SNAPSHOT\spring-boot-starter-web-3.2.7-SNAPSHOT.jar;C:\Users\rgarc\.m2\repository\org\springframework\boot\spring-boot-starter-json\3.2.7-SNAPSHOT\spring-boot-starter-json-3.2.7-SNAPSHOT.jar;C:\Users\rgarc\.m2\repository\com\fasterxml\jackson\datatype\jackson-datatype-jdk8\2.15.4\jackson-datatype-jdk8-2.15.4.jar;C:\Users\rgarc\.m2\repository\com\fasterxml\jackson\datatype\jackson-datatype-jsr310\2.15.4\jackson-datatype-jsr310-2.15.4.jar;C:\Users\rgarc\.m2\repository\com\fasterxml\jackson\module\jackson-module-parameter-names\2.15.4\jackson-module-parameter-names-2.15.4.jar;C:\Users\rgarc\.m2\repository\org\springframework\boot\spring-boot-starter-tomcat\3.2.7-SNAPSHOT\spring-boot-starter-tomcat-3.2.7-SNAPSHOT.jar;C:\Users\rgarc\.m2\repository\org\apache\tomcat\embed\tomcat-embed-core\10.1.25\tomcat-embed-core-10.1.25.jar;C:\Users\rgarc\.m2\repository\org\apache\tomcat\embed\tomcat-embed-el\10.1.25\tomcat-embed-el-10.1.25.jar;C:\Users\rgarc\.m2\repository\org\apache\tomcat\embed\tomcat-embed-websocket\10.1.25\tomcat-embed-websocket-10.1.25.jar;C:\Users\rgarc\.m2\repository\org\springframework\spring-web\6.1.10\spring-web-6.1.10.jar;C:\Users\rgarc\.m2\repository\org\springframework\spring-beans\6.1.10\spring-beans-6.1.10.jar;C:\Users\rgarc\.m2\repository\io\micrometer\micrometer-observation\1.12.7\micrometer-observation-1.12.7.jar;C:\Users\rgarc\.m2\repository\io\micrometer\micrometer-commons\1.12.7\micrometer-commons-1.12.7.jar;C:\Users\rgarc\.m2\repository\org\springframework\spring-webmvc\6.1.10\spring-webmvc-6.1.10.jar;C:\Users\rgarc\.m2\repository\org\springframework\spring-context\6.1.10\spring-context-6.1.10.jar;C:\Users\rgarc\.m2\repository\org\springframework\spring-expression\6.1.10\spring-expression-6.1.10.jar;C:\Users\rgarc\.m2\repository\com\h2database\h2\2.2.224\h2-2.2.224.jar;C:\Users\rgarc\.m2\repository\org\springframework\boot\spring-boot-starter-test\3.2.7-SNAPSHOT\spring-boot-starter-test-3.2.7-SNAPSHOT.jar;C:\Users\rgarc\.m2\repository\org\springframework\boot\spring-boot-test\3.2.7-SNAPSHOT\spring-boot-test-3.2.7-SNAPSHOT.jar;C:\Users\rgarc\.m2\repository\org\springframework\boot\spring-boot-test-autoconfigure\3.2.7-SNAPSHOT\spring-boot-test-autoconfigure-3.2.7-SNAPSHOT.jar;C:\Users\rgarc\.m2\repository\com\jayway\jsonpath\json-path\2.9.0\json-path-2.9.0.jar;C:\Users\rgarc\.m2\repository\jakarta\xml\bind\jakarta.xml.bind-api\4.0.2\jakarta.xml.bind-api-4.0.2.jar;C:\Users\rgarc\.m2\repository\jakarta\activation\jakarta.activation-api\2.1.3\jakarta.activation-api-2.1.3.jar;C:\Users\rgarc\.m2\repository\net\minidev\json-smart\2.5.1\json-smart-2.5.1.jar;C:\Users\rgarc\.m2\repository\net\minidev\accessors-smart\2.5.1\accessors-smart-2.5.1.jar;C:\Users\rgarc\.m2\repository\org\ow2\asm\asm\9.6\asm-9.6.jar;C:\Users\rgarc\.m2\repository\org\assertj\assertj-core\3.24.2\assertj-core-3.24.2.jar;C:\Users\rgarc\.m2\repository\net\bytebuddy\byte-buddy\1.14.17\byte-buddy-1.14.17.jar;C:\Users\rgarc\.m2\repository\org\awaitility\awaitility\4.2.1\awaitility-4.2.1.jar;C:\Users\rgarc\.m2\repository\org\hamcrest\hamcrest\2.2\hamcrest-2.2.jar;C:\Users\rgarc\.m2\repository\org\junit\jupiter\junit-jupiter\5.10.2\junit-jupiter-5.10.2.jar;C:\Users\rgarc\.m2\repository\org\junit\jupiter\junit-jupiter-api\5.10.2\junit-jupiter-api-5.10.2.jar;C:\Users\rgarc\.m2\repository\org\opentest4j\opentest4j\1.3.0\opentest4j-1.3.0.jar;C:\Users\rgarc\.m2\repository\org\junit\platform\junit-platform-commons\1.10.2\junit-platform-commons-1.10.2.jar;C:\Users\rgarc\.m2\repository\org\apiguardian\apiguardian-api\1.1.2\apiguardian-api-1.1.2.jar;C:\Users\rgarc\.m2\repository\org\junit\jupiter\junit-jupiter-params\5.10.2\junit-jupiter-params-5.10.2.jar;C:\Users\rgarc\.m2\repository\org\junit\jupiter\junit-jupiter-engine\5.10.2\junit-jupiter-engine-5.10.2.jar;C:\Users\rgarc\.m2\repository\org\junit\platform\junit-platform-engine\1.10.2\junit-platform-engine-1.10.2.jar;C:\Users\rgarc\.m2\repository\org\mockito\mockito-core\5.7.0\mockito-core-5.7.0.jar;C:\Users\rgarc\.m2\repository\net\bytebuddy\byte-buddy-agent\1.14.17\byte-buddy-agent-1.14.17.jar;C:\Users\rgarc\.m2\repository\org\objenesis\objenesis\3.3\objenesis-3.3.jar;C:\Users\rgarc\.m2\repository\org\mockito\mockito-junit-jupiter\5.7.0\mockito-junit-jupiter-5.7.0.jar;C:\Users\rgarc\.m2\repository\org\skyscreamer\jsonassert\1.5.1\jsonassert-1.5.1.jar;C:\Users\rgarc\.m2\repository\com\vaadin\external\google\android-json\0.0.20131108.vaadin1\android-json-0.0.20131108.vaadin1.jar;C:\Users\rgarc\.m2\repository\org\springframework\spring-core\6.1.10\spring-core-6.1.10.jar;C:\Users\rgarc\.m2\repository\org\springframework\spring-jcl\6.1.10\spring-jcl-6.1.10.jar;C:\Users\rgarc\.m2\repository\org\springframework\spring-test\6.1.10\spring-test-6.1.10.jar;C:\Users\rgarc\.m2\repository\org\xmlunit\xmlunit-core\2.9.1\xmlunit-core-2.9.1.jar;C:\Users\rgarc\.m2\repository\org\springframework\boot\spring-boot-starter-logging\3.2.7-SNAPSHOT\spring-boot-starter-logging-3.2.7-SNAPSHOT.jar;C:\Users\rgarc\.m2\repository\org\apache\logging\log4j\log4j-to-slf4j\2.21.1\log4j-to-slf4j-2.21.1.jar;C:\Users\rgarc\.m2\repository\org\apache\logging\log4j\log4j-api\2.21.1\log4j-api-2.21.1.jar;C:\Users\rgarc\.m2\repository\org\slf4j\jul-to-slf4j\2.0.13\jul-to-slf4j-2.0.13.jar;C:\Users\rgarc\.m2\repository\ch\qos\logback\logback-classic\1.4.14\logback-classic-1.4.14.jar;C:\Users\rgarc\.m2\repository\ch\qos\logback\logback-core\1.4.14\logback-core-1.4.14.jar;C:\Users\rgarc\.m2\repository\org\slf4j\slf4j-api\2.0.13\slf4j-api-2.0.13.jar;C:\Users\rgarc\.m2\repository\org\projectlombok\lombok\1.18.32\lombok-1.18.32.jar;C:\Users\rgarc\.m2\repository\org\modelmapper\modelmapper\3.2.0\modelmapper-3.2.0.jar;C:\Users\rgarc\.m2\repository\org\springframework\boot\spring-boot-starter-data-jpa\3.2.7-SNAPSHOT\spring-boot-starter-data-jpa-3.2.7-SNAPSHOT.jar;C:\Users\rgarc\.m2\repository\org\springframework\boot\spring-boot-starter-aop\3.2.7-SNAPSHOT\spring-boot-starter-aop-3.2.7-SNAPSHOT.jar;C:\Users\rgarc\.m2\repository\org\aspectj\aspectjweaver\1.9.22\aspectjweaver-1.9.22.jar;C:\Users\rgarc\.m2\repository\org\springframework\boot\spring-boot-starter-jdbc\3.2.7-SNAPSHOT\spring-boot-starter-jdbc-3.2.7-SNAPSHOT.jar;C:\Users\rgarc\.m2\repository\com\zaxxer\HikariCP\5.0.1\HikariCP-5.0.1.jar;C:\Users\rgarc\.m2\repository\org\springframework\spring-jdbc\6.1.10\spring-jdbc-6.1.10.jar;C:\Users\rgarc\.m2\repository\org\hibernate\orm\hibernate-core\6.4.9.Final\hibernate-core-6.4.9.Final.jar;C:\Users\rgarc\.m2\repository\jakarta\persistence\jakarta.persistence-api\3.1.0\jakarta.persistence-api-3.1.0.jar;C:\Users\rgarc\.m2\repository\jakarta\transaction\jakarta.transaction-api\2.0.1\jakarta.transaction-api-2.0.1.jar;C:\Users\rgarc\.m2\repository\org\jboss\logging\jboss-logging\3.5.3.Final\jboss-logging-3.5.3.Final.jar;C:\Users\rgarc\.m2\repository\org\hibernate\common\hibernate-commons-annotations\6.0.6.Final\hibernate-commons-annotations-6.0.6.Final.jar;C:\Users\rgarc\.m2\repository\io\smallrye\jandex\3.1.2\jandex-3.1.2.jar;C:\Users\rgarc\.m2\repository\com\fasterxml\classmate\1.6.0\classmate-1.6.0.jar;C:\Users\rgarc\.m2\repository\org\glassfish\jaxb\jaxb-runtime\4.0.5\jaxb-runtime-4.0.5.jar;C:\Users\rgarc\.m2\repository\org\glassfish\jaxb\jaxb-core\4.0.5\jaxb-core-4.0.5.jar;C:\Users\rgarc\.m2\repository\org\eclipse\angus\angus-activation\2.0.2\angus-activation-2.0.2.jar;C:\Users\rgarc\.m2\repository\org\glassfish\jaxb\txw2\4.0.5\txw2-4.0.5.jar;C:\Users\rgarc\.m2\repository\com\sun\istack\istack-commons-runtime\4.1.2\istack-commons-runtime-4.1.2.jar;C:\Users\rgarc\.m2\repository\jakarta\inject\jakarta.inject-api\2.0.1\jakarta.inject-api-2.0.1.jar;C:\Users\rgarc\.m2\repository\org\antlr\antlr4-runtime\4.13.0\antlr4-runtime-4.13.0.jar;C:\Users\rgarc\.m2\repository\org\springframework\data\spring-data-jpa\3.2.7\spring-data-jpa-3.2.7.jar;C:\Users\rgarc\.m2\repository\org\springframework\data\spring-data-commons\3.2.7\spring-data-commons-3.2.7.jar;C:\Users\rgarc\.m2\repository\org\springframework\spring-orm\6.1.10\spring-orm-6.1.10.jar;C:\Users\rgarc\.m2\repository\org\springframework\spring-tx\6.1.10\spring-tx-6.1.10.jar;C:\Users\rgarc\.m2\repository\org\springframework\spring-aspects\6.1.10\spring-aspects-6.1.10.jar;C:\Users\rgarc\.m2\repository\com\mysql\mysql-connector-j\8.3.0\mysql-connector-j-8.3.0.jar;C:\Users\rgarc\.m2\repository\org\springframework\boot\spring-boot-starter-security\3.2.7-SNAPSHOT\spring-boot-starter-security-3.2.7-SNAPSHOT.jar;C:\Users\rgarc\.m2\repository\org\springframework\spring-aop\6.1.10\spring-aop-6.1.10.jar;C:\Users\rgarc\.m2\repository\org\springframework\security\spring-security-config\6.2.5\spring-security-config-6.2.5.jar;C:\Users\rgarc\.m2\repository\org\springframework\security\spring-security-web\6.2.5\spring-security-web-6.2.5.jar;C:\Users\rgarc\.m2\repository\org\springframework\security\spring-security-test\6.2.5\spring-security-test-6.2.5.jar;C:\Users\rgarc\.m2\repository\org\springframework\security\spring-security-core\6.2.5\spring-security-core-6.2.5.jar;C:\Users\rgarc\.m2\repository\org\springframework\security\spring-security-crypto\6.2.5\spring-security-crypto-6.2.5.jar;C:\Users\rgarc\.m2\repository\io\jsonwebtoken\jjwt-api\0.11.5\jjwt-api-0.11.5.jar;C:\Users\rgarc\.m2\repository\io\jsonwebtoken\jjwt-impl\0.11.5\jjwt-impl-0.11.5.jar;C:\Users\rgarc\.m2\repository\io\jsonwebtoken\jjwt-jackson\0.11.5\jjwt-jackson-0.11.5.jar;C:\Users\rgarc\.m2\repository\com\fasterxml\jackson\core\jackson-databind\2.15.4\jackson-databind-2.15.4.jar;C:\Users\rgarc\.m2\repository\com\fasterxml\jackson\core\jackson-annotations\2.15.4\jackson-annotations-2.15.4.jar;C:\Users\rgarc\.m2\repository\com\fasterxml\jackson\core\jackson-core\2.15.4\jackson-core-2.15.4.jar;C:\Users\rgarc\.m2\repository\org\springdoc\springdoc-openapi-starter-webmvc-ui\2.0.3\springdoc-openapi-starter-webmvc-ui-2.0.3.jar;C:\Users\rgarc\.m2\repository\org\springdoc\springdoc-openapi-starter-webmvc-api\2.0.3\springdoc-openapi-starter-webmvc-api-2.0.3.jar;C:\Users\rgarc\.m2\repository\org\springdoc\springdoc-openapi-starter-common\2.0.3\springdoc-openapi-starter-common-2.0.3.jar;C:\Users\rgarc\.m2\repository\io\swagger\core\v3\swagger-core-jakarta\2.2.8\swagger-core-jakarta-2.2.8.jar;C:\Users\rgarc\.m2\repository\org\apache\commons\commons-lang3\3.13.0\commons-lang3-3.13.0.jar;C:\Users\rgarc\.m2\repository\io\swagger\core\v3\swagger-annotations-jakarta\2.2.8\swagger-annotations-jakarta-2.2.8.jar;C:\Users\rgarc\.m2\repository\io\swagger\core\v3\swagger-models-jakarta\2.2.8\swagger-models-jakarta-2.2.8.jar;C:\Users\rgarc\.m2\repository\jakarta\validation\jakarta.validation-api\3.0.2\jakarta.validation-api-3.0.2.jar;C:\Users\rgarc\.m2\repository\com\fasterxml\jackson\dataformat\jackson-dataformat-yaml\2.15.4\jackson-dataformat-yaml-2.15.4.jar;C:\Users\rgarc\.m2\repository\org\webjars\swagger-ui\4.17.1\swagger-ui-4.17.1.jar;C:\Users\rgarc\.m2\repository\org\webjars\webjars-locator-core\0.55\webjars-locator-core-0.55.jar;C:\Users\rgarc\.m2\repository\io\github\classgraph\classgraph\4.8.149\classgraph-4.8.149.jar;"/>
    <property name="sun.cpu.endian" value="little"/>
    <property name="user.home" value="C:\Users\rgarc"/>
    <property name="user.language" value="es"/>
    <property name="java.specification.vendor" value="Oracle Corporation"/>
    <property name="java.version.date" value="2023-09-19"/>
    <property name="java.home" value="C:\Program Files\Java\openjdk-21"/>
    <property name="file.separator" value="\"/>
    <property name="basedir" value="C:\Cursos\DH-Backend-I\Ejericicios\Clase-21-MySQL\Clinica-MVC"/>
    <property name="java.vm.compressedOopsMode" value="Zero based"/>
    <property name="line.separator" value="&#10;"/>
    <property name="java.vm.specification.vendor" value="Oracle Corporation"/>
    <property name="java.specification.name" value="Java Platform API Specification"/>
    <property name="FILE_LOG_CHARSET" value="UTF-8"/>
    <property name="java.awt.headless" value="true"/>
    <property name="surefire.real.class.path" value="C:\Users\rgarc\AppData\Local\Temp\surefire8090639210601530595\surefirebooter-20241105021500907_3.jar"/>
    <property name="user.script" value=""/>
    <property name="sun.management.compiler" value="HotSpot 64-Bit Tiered Compilers"/>
    <property name="java.runtime.version" value="21+35-2513"/>
    <property name="user.name" value="rgarc"/>
    <property name="stdout.encoding" value="Cp1252"/>
    <property name="path.separator" value=";"/>
    <property name="os.version" value="10.0"/>
    <property name="java.runtime.name" value="OpenJDK Runtime Environment"/>
    <property name="file.encoding" value="UTF-8"/>
    <property name="java.vm.name" value="OpenJDK 64-Bit Server VM"/>
    <property name="localRepository" value="C:\Users\rgarc\.m2\repository"/>
    <property name="java.vendor.url.bug" value="https://bugreport.java.com/bugreport/"/>
    <property name="java.io.tmpdir" value="C:\Users\rgarc\AppData\Local\Temp\"/>
    <property name="idea.version" value="2023.2.8"/>
    <property name="com.zaxxer.hikari.pool_number" value="2"/>
    <property name="java.version" value="21"/>
    <property name="user.dir" value="C:\Cursos\DH-Backend-I\Ejericicios\Clase-21-MySQL\Clinica-MVC"/>
    <property name="os.arch" value="amd64"/>
    <property name="java.vm.specification.name" value="Java Virtual Machine Specification"/>
    <property name="PID" value="34812"/>
    <property name="sun.os.patch.level" value=""/>
    <property name="CONSOLE_LOG_CHARSET" value="UTF-8"/>
    <property name="native.encoding" value="Cp1252"/>
    <property name="java.library.path" value="C:\Program Files\Java\openjdk-21\bin;C:\WINDOWS\Sun\Java\bin;C:\WINDOWS\system32;C:\WINDOWS;C:\Program Files\Java\openjdk-21\bin;C:\Program Files (x86)\VMware\VMware Workstation\bin\;C:\Python312\Scripts\;C:\Python312\;C:\Program Files\Common Files\Oracle\Java\javapath;C:\Program Files (x86)\Common Files\Oracle\Java\java8path;C:\Program Files (x86)\Common Files\Oracle\Java\javapath;C:\Python311\Scripts\;C:\Python311\;C:\WINDOWS\system32;C:\WINDOWS;C:\WINDOWS\System32\Wbem;C:\WINDOWS\System32\WindowsPowerShell\v1.0\;C:\WINDOWS\System32\OpenSSH\;C:\Program Files\dotnet\;C:\ProgramData\chocolatey\bin;C:\Program Files\WinMerge;C:\Program Files\Meld\;C:\Program Files (x86)\BaseX\bin;C:\Program Files\TortoiseGit\bin;C:\Program Files\PuTTY\;C:\Program Files\GitHub CLI\;C:\Program Files\Git\cmd;C:\Program Files\nodejs\;C:\Program Files (x86)\Common Files\Acronis\SnapAPI\;C:\Program Files (x86)\Common Files\Acronis\VirtualFile\;C:\Program Files (x86)\Common Files\Acronis\VirtualFile64\;C:\Program Files (x86)\Common Files\Acronis\FileProtector\;C:\Program Files (x86)\Common Files\Acronis\FileProtector64\;C:\Program Files\Docker\Docker\resources\bin;C:\inst\apache-maven-3.9.9\bin;C:\Program Files\Amazon\AWSCLIV2\;C:\Program Files\Amazon\AWSSAMCLI\bin\;C:\Program Files\Inkscape\bin;C:\Program Files\Java\openjdk-21\bin;C:\Users\rgarc\AppData\Local\Microsoft\WindowsApps;C:\Users\rgarc\AppData\Local\Programs\Microsoft VS Code\bin;C:\Users\rgarc\AppData\Local\GitHubDesktop\bin;C:\Program Files\JetBrains\IntelliJ IDEA Community Edition 2023.2.2\bin;;C:\Users\rgarc\AppData\Roaming\npm;C:\Program Files\JetBrains\IntelliJ IDEA 2024.1.4\bin;;;."/>
    <property name="java.vm.info" value="mixed mode, sharing"/>
    <property name="stderr.encoding" value="Cp1252"/>
    <property name="java.vendor" value="Oracle Corporation"/>
    <property name="java.vm.version" value="21+35-2513"/>
    <property name="sun.io.unicode.encoding" value="UnicodeLittle"/>
    <property name="java.class.version" value="65.0"/>
    <property name="CONSOLE_LOG_PATTERN" value="%d{yyyy-MM-dd HH:mm:ss} [%highlight(%-5level)] [%cyan(%thread)] [%magenta(%logger{15}:%L)] - %msg%n"/>
    <property name="LOGGED_APPLICATION_NAME" value="[Clinica-MVC] "/>
  </properties>
  <testcase name="testPacienteGuardado" classname="dh.backend.clinicamvc.service.test.PacienteServiceTest" time="0.043">
    <system-out><![CDATA[2024-11-05 02:15:13 [&amp#27;[34mINFO &amp#27;[0;39m] [&amp#27;[36mmain&amp#27;[0;39m] [&amp#27;[35mo.s.t.c.s.AnnotationConfigContextLoaderUtils:83&amp#27;[0;39m] - Could not detect default configuration classes for test class [dh.backend.clinicamvc.service.test.PacienteServiceTest]: PacienteServiceTest does not declare any static, non-private, non-final, nested classes annotated with @Configuration.
2024-11-05 02:15:13 [&amp#27;[34mINFO &amp#27;[0;39m] [&amp#27;[36mmain&amp#27;[0;39m] [&amp#27;[35mo.s.b.t.c.SpringBootTestContextBootstrapper:234&amp#27;[0;39m] - Found @SpringBootConfiguration dh.backend.clinicamvc.ClinicaMvcApplication for test class dh.backend.clinicamvc.service.test.PacienteServiceTest
Hibernate: select p1_0.id,p1_0.apellido,p1_0.dni,d1_0.id,d1_0.calle,d1_0.localidad,d1_0.numero,d1_0.provincia,p1_0.fecha_ingreso,p1_0.nombre,ts1_0.paciente_id,ts1_0.id,ts1_0.fecha,o1_0.id,o1_0.apellido,o1_0.nombre,o1_0.numero_matricula from pacientes p1_0 left join domicilios d1_0 on d1_0.id=p1_0.id_domicilio left join turnos ts1_0 on p1_0.id=ts1_0.paciente_id left join odontologos o1_0 on o1_0.id=ts1_0.odontologo_id where p1_0.id=?
Hibernate: insert into domicilios (calle,localidad,numero,provincia) values (?,?,?,?)
Hibernate: update pacientes set apellido=?,dni=?,id_domicilio=?,fecha_ingreso=?,nombre=? where id=?
2024-11-05 02:15:13 [&amp#27;[34mINFO &amp#27;[0;39m] [&amp#27;[36mmain&amp#27;[0;39m] [&amp#27;[35md.b.c.s.i.PacienteService:32&amp#27;[0;39m] - Registrando paciente : Paciente(id=1, nombre=Menganito, apellido=Cosme, dni=464646, fechaIngreso=2024-01-12, domicilio=Domicilio(id=null, calle=Calle falsa, numero=123, localidad=San Pedro, provincia=Garza Garcia), turnoSet=[])
]]></system-out>
  </testcase>
  <testcase name="testTodosPacientes" classname="dh.backend.clinicamvc.service.test.PacienteServiceTest" time="0.053">
    <system-out><![CDATA[Hibernate: select p1_0.id,p1_0.apellido,p1_0.dni,p1_0.id_domicilio,p1_0.fecha_ingreso,p1_0.nombre from pacientes p1_0
Hibernate: select d1_0.id,d1_0.calle,d1_0.localidad,d1_0.numero,d1_0.provincia from domicilios d1_0 where d1_0.id=?
Hibernate: select d1_0.id,d1_0.calle,d1_0.localidad,d1_0.numero,d1_0.provincia from domicilios d1_0 where d1_0.id=?
Hibernate: select d1_0.id,d1_0.calle,d1_0.localidad,d1_0.numero,d1_0.provincia from domicilios d1_0 where d1_0.id=?
Hibernate: select d1_0.id,d1_0.calle,d1_0.localidad,d1_0.numero,d1_0.provincia from domicilios d1_0 where d1_0.id=?
Hibernate: select d1_0.id,d1_0.calle,d1_0.localidad,d1_0.numero,d1_0.provincia from domicilios d1_0 where d1_0.id=?
Hibernate: select d1_0.id,d1_0.calle,d1_0.localidad,d1_0.numero,d1_0.provincia from domicilios d1_0 where d1_0.id=?
Hibernate: select d1_0.id,d1_0.calle,d1_0.localidad,d1_0.numero,d1_0.provincia from domicilios d1_0 where d1_0.id=?
Hibernate: select d1_0.id,d1_0.calle,d1_0.localidad,d1_0.numero,d1_0.provincia from domicilios d1_0 where d1_0.id=?
Hibernate: select d1_0.id,d1_0.calle,d1_0.localidad,d1_0.numero,d1_0.provincia from domicilios d1_0 where d1_0.id=?
Hibernate: select d1_0.id,d1_0.calle,d1_0.localidad,d1_0.numero,d1_0.provincia from domicilios d1_0 where d1_0.id=?
Hibernate: select d1_0.id,d1_0.calle,d1_0.localidad,d1_0.numero,d1_0.provincia from domicilios d1_0 where d1_0.id=?
Hibernate: select d1_0.id,d1_0.calle,d1_0.localidad,d1_0.numero,d1_0.provincia from domicilios d1_0 where d1_0.id=?
Hibernate: select d1_0.id,d1_0.calle,d1_0.localidad,d1_0.numero,d1_0.provincia from domicilios d1_0 where d1_0.id=?
Hibernate: select d1_0.id,d1_0.calle,d1_0.localidad,d1_0.numero,d1_0.provincia from domicilios d1_0 where d1_0.id=?
Hibernate: select d1_0.id,d1_0.calle,d1_0.localidad,d1_0.numero,d1_0.provincia from domicilios d1_0 where d1_0.id=?
Hibernate: select d1_0.id,d1_0.calle,d1_0.localidad,d1_0.numero,d1_0.provincia from domicilios d1_0 where d1_0.id=?
Hibernate: select d1_0.id,d1_0.calle,d1_0.localidad,d1_0.numero,d1_0.provincia from domicilios d1_0 where d1_0.id=?
Hibernate: select d1_0.id,d1_0.calle,d1_0.localidad,d1_0.numero,d1_0.provincia from domicilios d1_0 where d1_0.id=?
2024-11-05 02:15:13 [&amp#27;[34mINFO &amp#27;[0;39m] [&amp#27;[36mmain&amp#27;[0;39m] [&amp#27;[35md.b.c.s.i.PacienteService:58&amp#27;[0;39m] - Lista de Pacientes encontrados : 18
]]></system-out>
  </testcase>
  <testcase name="testPacientePorID" classname="dh.backend.clinicamvc.service.test.PacienteServiceTest" time="0.011">
    <system-out><![CDATA[Hibernate: select p1_0.id,p1_0.apellido,p1_0.dni,d1_0.id,d1_0.calle,d1_0.localidad,d1_0.numero,d1_0.provincia,p1_0.fecha_ingreso,p1_0.nombre from pacientes p1_0 left join domicilios d1_0 on d1_0.id=p1_0.id_domicilio where p1_0.id=?
2024-11-05 02:15:13 [&amp#27;[34mINFO &amp#27;[0;39m] [&amp#27;[36mmain&amp#27;[0;39m] [&amp#27;[35md.b.c.s.i.PacienteService:45&amp#27;[0;39m] - Busqueda de Paciente por id : 1
]]></system-out>
  </testcase>
</testsuite>