<?xml version="1.0" encoding="UTF-8"?>
<testsuite xmlns:xsi="http://www.w3.org/2001/XMLSchema-instance" xsi:noNamespaceSchemaLocation="https://maven.apache.org/surefire/maven-surefire-plugin/xsd/surefire-test-report-3.0.xsd" version="3.0" name="dh.backend.clinicamvc.service.test.PacienteServiceTest" time="1.097" tests="3" errors="0" skipped="0" failures="0">
  <properties>
    <property name="java.specification.version" value="21"/>
    <property name="sun.cpu.isalist" value="amd64"/>
    <property name="sun.jnu.encoding" value="Cp1252"/>
    <property name="java.class.path" value="C:\Cursos\DH-Backend-I\Ejericicios\Clase-15-16-Clinica\Clinica-MVC\target\test-classes;C:\Cursos\DH-Backend-I\Ejericicios\Clase-15-16-Clinica\Clinica-MVC\target\classes;C:\Users\rgarc\.m2\repository\org\springframework\boot\spring-boot-starter-thymeleaf\3.2.7-SNAPSHOT\spring-boot-starter-thymeleaf-3.2.7-SNAPSHOT.jar;C:\Users\rgarc\.m2\repository\org\springframework\boot\spring-boot-starter\3.2.7-SNAPSHOT\spring-boot-starter-3.2.7-SNAPSHOT.jar;C:\Users\rgarc\.m2\repository\org\springframework\boot\spring-boot\3.2.7-SNAPSHOT\spring-boot-3.2.7-SNAPSHOT.jar;C:\Users\rgarc\.m2\repository\org\springframework\boot\spring-boot-autoconfigure\3.2.7-SNAPSHOT\spring-boot-autoconfigure-3.2.7-SNAPSHOT.jar;C:\Users\rgarc\.m2\repository\jakarta\annotation\jakarta.annotation-api\2.1.1\jakarta.annotation-api-2.1.1.jar;C:\Users\rgarc\.m2\repository\org\yaml\snakeyaml\2.2\snakeyaml-2.2.jar;C:\Users\rgarc\.m2\repository\org\thymeleaf\thymeleaf-spring6\3.1.2.RELEASE\thymeleaf-spring6-3.1.2.RELEASE.jar;C:\Users\rgarc\.m2\repository\org\thymeleaf\thymeleaf\3.1.2.RELEASE\thymeleaf-3.1.2.RELEASE.jar;C:\Users\rgarc\.m2\repository\org\attoparser\attoparser\2.0.7.RELEASE\attoparser-2.0.7.RELEASE.jar;C:\Users\rgarc\.m2\repository\org\unbescape\unbescape\1.1.6.RELEASE\unbescape-1.1.6.RELEASE.jar;C:\Users\rgarc\.m2\repository\org\springframework\boot\spring-boot-starter-web\3.2.7-SNAPSHOT\spring-boot-starter-web-3.2.7-SNAPSHOT.jar;C:\Users\rgarc\.m2\repository\org\springframework\boot\spring-boot-starter-json\3.2.7-SNAPSHOT\spring-boot-starter-json-3.2.7-SNAPSHOT.jar;C:\Users\rgarc\.m2\repository\com\fasterxml\jackson\core\jackson-databind\2.15.4\jackson-databind-2.15.4.jar;C:\Users\rgarc\.m2\repository\com\fasterxml\jackson\core\jackson-annotations\2.15.4\jackson-annotations-2.15.4.jar;C:\Users\rgarc\.m2\repository\com\fasterxml\jackson\core\jackson-core\2.15.4\jackson-core-2.15.4.jar;C:\Users\rgarc\.m2\repository\com\fasterxml\jackson\datatype\jackson-datatype-jdk8\2.15.4\jackson-datatype-jdk8-2.15.4.jar;C:\Users\rgarc\.m2\repository\com\fasterxml\jackson\datatype\jackson-datatype-jsr310\2.15.4\jackson-datatype-jsr310-2.15.4.jar;C:\Users\rgarc\.m2\repository\com\fasterxml\jackson\module\jackson-module-parameter-names\2.15.4\jackson-module-parameter-names-2.15.4.jar;C:\Users\rgarc\.m2\repository\org\springframework\boot\spring-boot-starter-tomcat\3.2.7-SNAPSHOT\spring-boot-starter-tomcat-3.2.7-SNAPSHOT.jar;C:\Users\rgarc\.m2\repository\org\apache\tomcat\embed\tomcat-embed-core\10.1.24\tomcat-embed-core-10.1.24.jar;C:\Users\rgarc\.m2\repository\org\apache\tomcat\embed\tomcat-embed-el\10.1.24\tomcat-embed-el-10.1.24.jar;C:\Users\rgarc\.m2\repository\org\apache\tomcat\embed\tomcat-embed-websocket\10.1.24\tomcat-embed-websocket-10.1.24.jar;C:\Users\rgarc\.m2\repository\org\springframework\spring-web\6.1.8\spring-web-6.1.8.jar;C:\Users\rgarc\.m2\repository\org\springframework\spring-beans\6.1.8\spring-beans-6.1.8.jar;C:\Users\rgarc\.m2\repository\io\micrometer\micrometer-observation\1.12.6\micrometer-observation-1.12.6.jar;C:\Users\rgarc\.m2\repository\io\micrometer\micrometer-commons\1.12.6\micrometer-commons-1.12.6.jar;C:\Users\rgarc\.m2\repository\org\springframework\spring-webmvc\6.1.8\spring-webmvc-6.1.8.jar;C:\Users\rgarc\.m2\repository\org\springframework\spring-aop\6.1.8\spring-aop-6.1.8.jar;C:\Users\rgarc\.m2\repository\org\springframework\spring-context\6.1.8\spring-context-6.1.8.jar;C:\Users\rgarc\.m2\repository\org\springframework\spring-expression\6.1.8\spring-expression-6.1.8.jar;C:\Users\rgarc\.m2\repository\com\h2database\h2\2.2.224\h2-2.2.224.jar;C:\Users\rgarc\.m2\repository\org\springframework\boot\spring-boot-starter-test\3.2.7-SNAPSHOT\spring-boot-starter-test-3.2.7-SNAPSHOT.jar;C:\Users\rgarc\.m2\repository\org\springframework\boot\spring-boot-test\3.2.7-SNAPSHOT\spring-boot-test-3.2.7-SNAPSHOT.jar;C:\Users\rgarc\.m2\repository\org\springframework\boot\spring-boot-test-autoconfigure\3.2.7-SNAPSHOT\spring-boot-test-autoconfigure-3.2.7-SNAPSHOT.jar;C:\Users\rgarc\.m2\repository\com\jayway\jsonpath\json-path\2.9.0\json-path-2.9.0.jar;C:\Users\rgarc\.m2\repository\jakarta\xml\bind\jakarta.xml.bind-api\4.0.2\jakarta.xml.bind-api-4.0.2.jar;C:\Users\rgarc\.m2\repository\jakarta\activation\jakarta.activation-api\2.1.3\jakarta.activation-api-2.1.3.jar;C:\Users\rgarc\.m2\repository\net\minidev\json-smart\2.5.1\json-smart-2.5.1.jar;C:\Users\rgarc\.m2\repository\net\minidev\accessors-smart\2.5.1\accessors-smart-2.5.1.jar;C:\Users\rgarc\.m2\repository\org\ow2\asm\asm\9.6\asm-9.6.jar;C:\Users\rgarc\.m2\repository\org\assertj\assertj-core\3.24.2\assertj-core-3.24.2.jar;C:\Users\rgarc\.m2\repository\net\bytebuddy\byte-buddy\1.14.16\byte-buddy-1.14.16.jar;C:\Users\rgarc\.m2\repository\org\awaitility\awaitility\4.2.1\awaitility-4.2.1.jar;C:\Users\rgarc\.m2\repository\org\hamcrest\hamcrest\2.2\hamcrest-2.2.jar;C:\Users\rgarc\.m2\repository\org\junit\jupiter\junit-jupiter\5.10.2\junit-jupiter-5.10.2.jar;C:\Users\rgarc\.m2\repository\org\junit\jupiter\junit-jupiter-api\5.10.2\junit-jupiter-api-5.10.2.jar;C:\Users\rgarc\.m2\repository\org\opentest4j\opentest4j\1.3.0\opentest4j-1.3.0.jar;C:\Users\rgarc\.m2\repository\org\junit\platform\junit-platform-commons\1.10.2\junit-platform-commons-1.10.2.jar;C:\Users\rgarc\.m2\repository\org\apiguardian\apiguardian-api\1.1.2\apiguardian-api-1.1.2.jar;C:\Users\rgarc\.m2\repository\org\junit\jupiter\junit-jupiter-params\5.10.2\junit-jupiter-params-5.10.2.jar;C:\Users\rgarc\.m2\repository\org\junit\jupiter\junit-jupiter-engine\5.10.2\junit-jupiter-engine-5.10.2.jar;C:\Users\rgarc\.m2\repository\org\junit\platform\junit-platform-engine\1.10.2\junit-platform-engine-1.10.2.jar;C:\Users\rgarc\.m2\repository\org\mockito\mockito-core\5.7.0\mockito-core-5.7.0.jar;C:\Users\rgarc\.m2\repository\net\bytebuddy\byte-buddy-agent\1.14.16\byte-buddy-agent-1.14.16.jar;C:\Users\rgarc\.m2\repository\org\objenesis\objenesis\3.3\objenesis-3.3.jar;C:\Users\rgarc\.m2\repository\org\mockito\mockito-junit-jupiter\5.7.0\mockito-junit-jupiter-5.7.0.jar;C:\Users\rgarc\.m2\repository\org\skyscreamer\jsonassert\1.5.1\jsonassert-1.5.1.jar;C:\Users\rgarc\.m2\repository\com\vaadin\external\google\android-json\0.0.20131108.vaadin1\android-json-0.0.20131108.vaadin1.jar;C:\Users\rgarc\.m2\repository\org\springframework\spring-core\6.1.8\spring-core-6.1.8.jar;C:\Users\rgarc\.m2\repository\org\springframework\spring-jcl\6.1.8\spring-jcl-6.1.8.jar;C:\Users\rgarc\.m2\repository\org\springframework\spring-test\6.1.8\spring-test-6.1.8.jar;C:\Users\rgarc\.m2\repository\org\xmlunit\xmlunit-core\2.9.1\xmlunit-core-2.9.1.jar;C:\Users\rgarc\.m2\repository\org\springframework\boot\spring-boot-starter-logging\3.2.7-SNAPSHOT\spring-boot-starter-logging-3.2.7-SNAPSHOT.jar;C:\Users\rgarc\.m2\repository\org\apache\logging\log4j\log4j-to-slf4j\2.21.1\log4j-to-slf4j-2.21.1.jar;C:\Users\rgarc\.m2\repository\org\apache\logging\log4j\log4j-api\2.21.1\log4j-api-2.21.1.jar;C:\Users\rgarc\.m2\repository\org\slf4j\jul-to-slf4j\2.0.13\jul-to-slf4j-2.0.13.jar;C:\Users\rgarc\.m2\repository\ch\qos\logback\logback-classic\1.4.14\logback-classic-1.4.14.jar;C:\Users\rgarc\.m2\repository\ch\qos\logback\logback-core\1.4.14\logback-core-1.4.14.jar;C:\Users\rgarc\.m2\repository\org\slf4j\slf4j-api\2.0.13\slf4j-api-2.0.13.jar;"/>
    <property name="java.vm.vendor" value="Oracle Corporation"/>
    <property name="sun.arch.data.model" value="64"/>
    <property name="user.variant" value=""/>
    <property name="java.vendor.url" value="https://java.oracle.com/"/>
    <property name="user.timezone" value="America/Mexico_City"/>
    <property name="os.name" value="Windows 10"/>
    <property name="java.vm.specification.version" value="21"/>
    <property name="sun.java.launcher" value="SUN_STANDARD"/>
    <property name="user.country" value="MX"/>
    <property name="sun.boot.library.path" value="C:\Program Files\Java\openjdk-21\bin"/>
    <property name="sun.java.command" value="C:\Users\rgarc\AppData\Local\Temp\surefire1960625736755774009\surefirebooter-20240531185410041_3.jar C:\Users\rgarc\AppData\Local\Temp\surefire1960625736755774009 2024-05-31T18-54-09_189-jvmRun1 surefire-20240531185410041_1tmp surefire_0-20240531185410041_2tmp"/>
    <property name="jdk.debug" value="release"/>
    <property name="surefire.test.class.path" value="C:\Cursos\DH-Backend-I\Ejericicios\Clase-15-16-Clinica\Clinica-MVC\target\test-classes;C:\Cursos\DH-Backend-I\Ejericicios\Clase-15-16-Clinica\Clinica-MVC\target\classes;C:\Users\rgarc\.m2\repository\org\springframework\boot\spring-boot-starter-thymeleaf\3.2.7-SNAPSHOT\spring-boot-starter-thymeleaf-3.2.7-SNAPSHOT.jar;C:\Users\rgarc\.m2\repository\org\springframework\boot\spring-boot-starter\3.2.7-SNAPSHOT\spring-boot-starter-3.2.7-SNAPSHOT.jar;C:\Users\rgarc\.m2\repository\org\springframework\boot\spring-boot\3.2.7-SNAPSHOT\spring-boot-3.2.7-SNAPSHOT.jar;C:\Users\rgarc\.m2\repository\org\springframework\boot\spring-boot-autoconfigure\3.2.7-SNAPSHOT\spring-boot-autoconfigure-3.2.7-SNAPSHOT.jar;C:\Users\rgarc\.m2\repository\jakarta\annotation\jakarta.annotation-api\2.1.1\jakarta.annotation-api-2.1.1.jar;C:\Users\rgarc\.m2\repository\org\yaml\snakeyaml\2.2\snakeyaml-2.2.jar;C:\Users\rgarc\.m2\repository\org\thymeleaf\thymeleaf-spring6\3.1.2.RELEASE\thymeleaf-spring6-3.1.2.RELEASE.jar;C:\Users\rgarc\.m2\repository\org\thymeleaf\thymeleaf\3.1.2.RELEASE\thymeleaf-3.1.2.RELEASE.jar;C:\Users\rgarc\.m2\repository\org\attoparser\attoparser\2.0.7.RELEASE\attoparser-2.0.7.RELEASE.jar;C:\Users\rgarc\.m2\repository\org\unbescape\unbescape\1.1.6.RELEASE\unbescape-1.1.6.RELEASE.jar;C:\Users\rgarc\.m2\repository\org\springframework\boot\spring-boot-starter-web\3.2.7-SNAPSHOT\spring-boot-starter-web-3.2.7-SNAPSHOT.jar;C:\Users\rgarc\.m2\repository\org\springframework\boot\spring-boot-starter-json\3.2.7-SNAPSHOT\spring-boot-starter-json-3.2.7-SNAPSHOT.jar;C:\Users\rgarc\.m2\repository\com\fasterxml\jackson\core\jackson-databind\2.15.4\jackson-databind-2.15.4.jar;C:\Users\rgarc\.m2\repository\com\fasterxml\jackson\core\jackson-annotations\2.15.4\jackson-annotations-2.15.4.jar;C:\Users\rgarc\.m2\repository\com\fasterxml\jackson\core\jackson-core\2.15.4\jackson-core-2.15.4.jar;C:\Users\rgarc\.m2\repository\com\fasterxml\jackson\datatype\jackson-datatype-jdk8\2.15.4\jackson-datatype-jdk8-2.15.4.jar;C:\Users\rgarc\.m2\repository\com\fasterxml\jackson\datatype\jackson-datatype-jsr310\2.15.4\jackson-datatype-jsr310-2.15.4.jar;C:\Users\rgarc\.m2\repository\com\fasterxml\jackson\module\jackson-module-parameter-names\2.15.4\jackson-module-parameter-names-2.15.4.jar;C:\Users\rgarc\.m2\repository\org\springframework\boot\spring-boot-starter-tomcat\3.2.7-SNAPSHOT\spring-boot-starter-tomcat-3.2.7-SNAPSHOT.jar;C:\Users\rgarc\.m2\repository\org\apache\tomcat\embed\tomcat-embed-core\10.1.24\tomcat-embed-core-10.1.24.jar;C:\Users\rgarc\.m2\repository\org\apache\tomcat\embed\tomcat-embed-el\10.1.24\tomcat-embed-el-10.1.24.jar;C:\Users\rgarc\.m2\repository\org\apache\tomcat\embed\tomcat-embed-websocket\10.1.24\tomcat-embed-websocket-10.1.24.jar;C:\Users\rgarc\.m2\repository\org\springframework\spring-web\6.1.8\spring-web-6.1.8.jar;C:\Users\rgarc\.m2\repository\org\springframework\spring-beans\6.1.8\spring-beans-6.1.8.jar;C:\Users\rgarc\.m2\repository\io\micrometer\micrometer-observation\1.12.6\micrometer-observation-1.12.6.jar;C:\Users\rgarc\.m2\repository\io\micrometer\micrometer-commons\1.12.6\micrometer-commons-1.12.6.jar;C:\Users\rgarc\.m2\repository\org\springframework\spring-webmvc\6.1.8\spring-webmvc-6.1.8.jar;C:\Users\rgarc\.m2\repository\org\springframework\spring-aop\6.1.8\spring-aop-6.1.8.jar;C:\Users\rgarc\.m2\repository\org\springframework\spring-context\6.1.8\spring-context-6.1.8.jar;C:\Users\rgarc\.m2\repository\org\springframework\spring-expression\6.1.8\spring-expression-6.1.8.jar;C:\Users\rgarc\.m2\repository\com\h2database\h2\2.2.224\h2-2.2.224.jar;C:\Users\rgarc\.m2\repository\org\springframework\boot\spring-boot-starter-test\3.2.7-SNAPSHOT\spring-boot-starter-test-3.2.7-SNAPSHOT.jar;C:\Users\rgarc\.m2\repository\org\springframework\boot\spring-boot-test\3.2.7-SNAPSHOT\spring-boot-test-3.2.7-SNAPSHOT.jar;C:\Users\rgarc\.m2\repository\org\springframework\boot\spring-boot-test-autoconfigure\3.2.7-SNAPSHOT\spring-boot-test-autoconfigure-3.2.7-SNAPSHOT.jar;C:\Users\rgarc\.m2\repository\com\jayway\jsonpath\json-path\2.9.0\json-path-2.9.0.jar;C:\Users\rgarc\.m2\repository\jakarta\xml\bind\jakarta.xml.bind-api\4.0.2\jakarta.xml.bind-api-4.0.2.jar;C:\Users\rgarc\.m2\repository\jakarta\activation\jakarta.activation-api\2.1.3\jakarta.activation-api-2.1.3.jar;C:\Users\rgarc\.m2\repository\net\minidev\json-smart\2.5.1\json-smart-2.5.1.jar;C:\Users\rgarc\.m2\repository\net\minidev\accessors-smart\2.5.1\accessors-smart-2.5.1.jar;C:\Users\rgarc\.m2\repository\org\ow2\asm\asm\9.6\asm-9.6.jar;C:\Users\rgarc\.m2\repository\org\assertj\assertj-core\3.24.2\assertj-core-3.24.2.jar;C:\Users\rgarc\.m2\repository\net\bytebuddy\byte-buddy\1.14.16\byte-buddy-1.14.16.jar;C:\Users\rgarc\.m2\repository\org\awaitility\awaitility\4.2.1\awaitility-4.2.1.jar;C:\Users\rgarc\.m2\repository\org\hamcrest\hamcrest\2.2\hamcrest-2.2.jar;C:\Users\rgarc\.m2\repository\org\junit\jupiter\junit-jupiter\5.10.2\junit-jupiter-5.10.2.jar;C:\Users\rgarc\.m2\repository\org\junit\jupiter\junit-jupiter-api\5.10.2\junit-jupiter-api-5.10.2.jar;C:\Users\rgarc\.m2\repository\org\opentest4j\opentest4j\1.3.0\opentest4j-1.3.0.jar;C:\Users\rgarc\.m2\repository\org\junit\platform\junit-platform-commons\1.10.2\junit-platform-commons-1.10.2.jar;C:\Users\rgarc\.m2\repository\org\apiguardian\apiguardian-api\1.1.2\apiguardian-api-1.1.2.jar;C:\Users\rgarc\.m2\repository\org\junit\jupiter\junit-jupiter-params\5.10.2\junit-jupiter-params-5.10.2.jar;C:\Users\rgarc\.m2\repository\org\junit\jupiter\junit-jupiter-engine\5.10.2\junit-jupiter-engine-5.10.2.jar;C:\Users\rgarc\.m2\repository\org\junit\platform\junit-platform-engine\1.10.2\junit-platform-engine-1.10.2.jar;C:\Users\rgarc\.m2\repository\org\mockito\mockito-core\5.7.0\mockito-core-5.7.0.jar;C:\Users\rgarc\.m2\repository\net\bytebuddy\byte-buddy-agent\1.14.16\byte-buddy-agent-1.14.16.jar;C:\Users\rgarc\.m2\repository\org\objenesis\objenesis\3.3\objenesis-3.3.jar;C:\Users\rgarc\.m2\repository\org\mockito\mockito-junit-jupiter\5.7.0\mockito-junit-jupiter-5.7.0.jar;C:\Users\rgarc\.m2\repository\org\skyscreamer\jsonassert\1.5.1\jsonassert-1.5.1.jar;C:\Users\rgarc\.m2\repository\com\vaadin\external\google\android-json\0.0.20131108.vaadin1\android-json-0.0.20131108.vaadin1.jar;C:\Users\rgarc\.m2\repository\org\springframework\spring-core\6.1.8\spring-core-6.1.8.jar;C:\Users\rgarc\.m2\repository\org\springframework\spring-jcl\6.1.8\spring-jcl-6.1.8.jar;C:\Users\rgarc\.m2\repository\org\springframework\spring-test\6.1.8\spring-test-6.1.8.jar;C:\Users\rgarc\.m2\repository\org\xmlunit\xmlunit-core\2.9.1\xmlunit-core-2.9.1.jar;C:\Users\rgarc\.m2\repository\org\springframework\boot\spring-boot-starter-logging\3.2.7-SNAPSHOT\spring-boot-starter-logging-3.2.7-SNAPSHOT.jar;C:\Users\rgarc\.m2\repository\org\apache\logging\log4j\log4j-to-slf4j\2.21.1\log4j-to-slf4j-2.21.1.jar;C:\Users\rgarc\.m2\repository\org\apache\logging\log4j\log4j-api\2.21.1\log4j-api-2.21.1.jar;C:\Users\rgarc\.m2\repository\org\slf4j\jul-to-slf4j\2.0.13\jul-to-slf4j-2.0.13.jar;C:\Users\rgarc\.m2\repository\ch\qos\logback\logback-classic\1.4.14\logback-classic-1.4.14.jar;C:\Users\rgarc\.m2\repository\ch\qos\logback\logback-core\1.4.14\logback-core-1.4.14.jar;C:\Users\rgarc\.m2\repository\org\slf4j\slf4j-api\2.0.13\slf4j-api-2.0.13.jar;"/>
    <property name="sun.cpu.endian" value="little"/>
    <property name="user.home" value="C:\Users\rgarc"/>
    <property name="user.language" value="es"/>
    <property name="java.specification.vendor" value="Oracle Corporation"/>
    <property name="java.version.date" value="2023-09-19"/>
    <property name="java.home" value="C:\Program Files\Java\openjdk-21"/>
    <property name="file.separator" value="\"/>
    <property name="basedir" value="C:\Cursos\DH-Backend-I\Ejericicios\Clase-15-16-Clinica\Clinica-MVC"/>
    <property name="java.vm.compressedOopsMode" value="Zero based"/>
    <property name="line.separator" value="&#10;"/>
    <property name="java.vm.specification.vendor" value="Oracle Corporation"/>
    <property name="java.specification.name" value="Java Platform API Specification"/>
    <property name="FILE_LOG_CHARSET" value="UTF-8"/>
    <property name="java.awt.headless" value="true"/>
    <property name="surefire.real.class.path" value="C:\Users\rgarc\AppData\Local\Temp\surefire1960625736755774009\surefirebooter-20240531185410041_3.jar"/>
    <property name="user.script" value=""/>
    <property name="sun.management.compiler" value="HotSpot 64-Bit Tiered Compilers"/>
    <property name="java.runtime.version" value="21+35-2513"/>
    <property name="user.name" value="rgarc"/>
    <property name="stdout.encoding" value="Cp1252"/>
    <property name="path.separator" value=";"/>
    <property name="os.version" value="10.0"/>
    <property name="java.runtime.name" value="OpenJDK Runtime Environment"/>
    <property name="file.encoding" value="UTF-8"/>
    <property name="java.vm.name" value="OpenJDK 64-Bit Server VM"/>
    <property name="localRepository" value="C:\Users\rgarc\.m2\repository"/>
    <property name="java.vendor.url.bug" value="https://bugreport.java.com/bugreport/"/>
    <property name="java.io.tmpdir" value="C:\Users\rgarc\AppData\Local\Temp\"/>
    <property name="idea.version" value="2023.2.2"/>
    <property name="java.version" value="21"/>
    <property name="user.dir" value="C:\Cursos\DH-Backend-I\Ejericicios\Clase-15-16-Clinica\Clinica-MVC"/>
    <property name="os.arch" value="amd64"/>
    <property name="java.vm.specification.name" value="Java Virtual Machine Specification"/>
    <property name="PID" value="20860"/>
    <property name="sun.os.patch.level" value=""/>
    <property name="CONSOLE_LOG_CHARSET" value="UTF-8"/>
    <property name="native.encoding" value="Cp1252"/>
    <property name="java.library.path" value="C:\Program Files\Java\openjdk-21\bin;C:\WINDOWS\Sun\Java\bin;C:\WINDOWS\system32;C:\WINDOWS;C:\Python312\Scripts\;C:\Python312\;C:\Program Files (x86)\VMware\VMware Player\bin\;C:\Program Files\Common Files\Oracle\Java\javapath;C:\Program Files (x86)\Common Files\Oracle\Java\java8path;C:\Program Files (x86)\Common Files\Oracle\Java\javapath;C:\Python311\Scripts\;C:\Python311\;C:\WINDOWS\system32;C:\WINDOWS;C:\WINDOWS\System32\Wbem;C:\WINDOWS\System32\WindowsPowerShell\v1.0\;C:\WINDOWS\System32\OpenSSH\;C:\Program Files\dotnet\;C:\ProgramData\chocolatey\bin;C:\Program Files\WinMerge;C:\Program Files\Meld\;C:\Program Files (x86)\BaseX\bin;C:\Program Files\TortoiseGit\bin;C:\Program Files\PuTTY\;C:\Program Files\Docker\Docker\resources\bin;C:\Program Files\GitHub CLI\;C:\Program Files\Git\cmd;C:\Program Files\nodejs\;C:\Users\rgarc\AppData\Local\Microsoft\WindowsApps;C:\Users\rgarc\AppData\Local\Programs\Microsoft VS Code\bin;C:\Users\rgarc\AppData\Local\GitHubDesktop\bin;C:\Program Files\JetBrains\IntelliJ IDEA Community Edition 2023.2.2\bin;;C:\Users\rgarc\AppData\Roaming\npm;."/>
    <property name="java.vm.info" value="mixed mode, sharing"/>
    <property name="stderr.encoding" value="Cp1252"/>
    <property name="java.vendor" value="Oracle Corporation"/>
    <property name="java.vm.version" value="21+35-2513"/>
    <property name="sun.io.unicode.encoding" value="UnicodeLittle"/>
    <property name="java.class.version" value="65.0"/>
    <property name="CONSOLE_LOG_PATTERN" value="%d{yyyy-MM-dd HH:mm:ss} [%highlight(%-5level)] [%cyan(%thread)] %magenta(%logger{15}) - %msg%n"/>
    <property name="LOGGED_APPLICATION_NAME" value="[Clinica-MVC] "/>
  </properties>
  <testcase name="testPacienteGuardado" classname="dh.backend.clinicamvc.service.test.PacienteServiceTest" time="0.045">
    <system-out><![CDATA[2024-05-31 18:54:14 [&amp#27;[34mINFO &amp#27;[0;39m] [&amp#27;[36mmain&amp#27;[0;39m] &amp#27;[35md.b.c.d.i.DomicilioDaoH2&amp#27;[0;39m - Paciente percistido: Domicilio{id=2, calle='Calle False', numero=465, localidad='Sprinmgfild', provincia='Montana'}
2024-05-31 18:54:14 [&amp#27;[34mINFO &amp#27;[0;39m] [&amp#27;[36mmain&amp#27;[0;39m] &amp#27;[35md.b.c.d.i.PacienteDaoH2&amp#27;[0;39m - Paciente a retornar : Paciente{id=2, nombre='Alejandro', apellido='Raw', dni='1234567', fechaINgreso=2024-04-12, domicilio=Domicilio{id=2, calle='Calle False', numero=465, localidad='Sprinmgfild', provincia='Montana'}}
]]></system-out>
  </testcase>
  <testcase name="testTodosPacientes" classname="dh.backend.clinicamvc.service.test.PacienteServiceTest" time="0.469">
    <system-out><![CDATA[2024-05-31 18:54:14 [&amp#27;[34mINFO &amp#27;[0;39m] [&amp#27;[36mmain&amp#27;[0;39m] &amp#27;[35md.b.c.d.i.DomicilioDaoH2&amp#27;[0;39m - Paciente percistido: Domicilio{id=3, calle='Calle False', numero=465, localidad='Sprinmgfild', provincia='Montana'}
2024-05-31 18:54:14 [&amp#27;[34mINFO &amp#27;[0;39m] [&amp#27;[36mmain&amp#27;[0;39m] &amp#27;[35md.b.c.d.i.PacienteDaoH2&amp#27;[0;39m - Paciente a retornar : Paciente{id=3, nombre='Pedorro', apellido='Lalotronics', dni='1234567', fechaINgreso=2024-04-12, domicilio=Domicilio{id=3, calle='Calle False', numero=465, localidad='Sprinmgfild', provincia='Montana'}}
2024-05-31 18:54:14 [&amp#27;[34mINFO &amp#27;[0;39m] [&amp#27;[36mmain&amp#27;[0;39m] &amp#27;[35md.b.c.d.i.DomicilioDaoH2&amp#27;[0;39m - Domicilio encontrado : Domicilio{id=1, calle='SIEMPRE VIVA', numero=123, localidad='SAN PEDRO', provincia='JUJUY'}
2024-05-31 18:54:14 [&amp#27;[34mINFO &amp#27;[0;39m] [&amp#27;[36mmain&amp#27;[0;39m] &amp#27;[35md.b.c.d.i.PacienteDaoH2&amp#27;[0;39m - Paciente lista [1] = Paciente{id=1, nombre='COSME', apellido='FULANITO', dni='1545646', fechaINgreso=2024-02-15, domicilio=null}
2024-05-31 18:54:14 [&amp#27;[34mINFO &amp#27;[0;39m] [&amp#27;[36mmain&amp#27;[0;39m] &amp#27;[35md.b.c.d.i.DomicilioDaoH2&amp#27;[0;39m - Domicilio encontrado : Domicilio{id=2, calle='Calle False', numero=465, localidad='Sprinmgfild', provincia='Montana'}
2024-05-31 18:54:14 [&amp#27;[34mINFO &amp#27;[0;39m] [&amp#27;[36mmain&amp#27;[0;39m] &amp#27;[35md.b.c.d.i.PacienteDaoH2&amp#27;[0;39m - Paciente lista [2] = Paciente{id=2, nombre='Alejandro', apellido='Raw', dni='1234567', fechaINgreso=2024-04-12, domicilio=null}
2024-05-31 18:54:14 [&amp#27;[34mINFO &amp#27;[0;39m] [&amp#27;[36mmain&amp#27;[0;39m] &amp#27;[35md.b.c.d.i.DomicilioDaoH2&amp#27;[0;39m - Domicilio encontrado : Domicilio{id=3, calle='Calle False', numero=465, localidad='Sprinmgfild', provincia='Montana'}
2024-05-31 18:54:14 [&amp#27;[34mINFO &amp#27;[0;39m] [&amp#27;[36mmain&amp#27;[0;39m] &amp#27;[35md.b.c.d.i.PacienteDaoH2&amp#27;[0;39m - Paciente lista [3] = Paciente{id=3, nombre='Pedorro', apellido='Lalotronics', dni='1234567', fechaINgreso=2024-04-12, domicilio=null}
]]></system-out>
  </testcase>
  <testcase name="testPacientePorID" classname="dh.backend.clinicamvc.service.test.PacienteServiceTest" time="0.221">
    <system-out><![CDATA[2024-05-31 18:54:14 [&amp#27;[34mINFO &amp#27;[0;39m] [&amp#27;[36mmain&amp#27;[0;39m] &amp#27;[35md.b.c.d.i.DomicilioDaoH2&amp#27;[0;39m - Domicilio encontrado : Domicilio{id=1, calle='SIEMPRE VIVA', numero=123, localidad='SAN PEDRO', provincia='JUJUY'}
2024-05-31 18:54:14 [&amp#27;[34mINFO &amp#27;[0;39m] [&amp#27;[36mmain&amp#27;[0;39m] &amp#27;[35md.b.c.d.i.PacienteDaoH2&amp#27;[0;39m - Paciente encontrado : Paciente{id=1, nombre='COSME', apellido='FULANITO', dni='1545646', fechaINgreso=2024-02-15, domicilio=null}
]]></system-out>
  </testcase>
</testsuite>